08-22-2016 @ 16:10:27 - Queuing 2.5.0 - wc_update_250_currency
08-22-2016 @ 16:10:27 - Queuing 2.5.0 - wc_update_250_db_version
08-22-2016 @ 16:10:27 - Queuing 2.6.0 - wc_update_260_options
08-22-2016 @ 16:10:27 - Queuing 2.6.0 - wc_update_260_termmeta
08-22-2016 @ 16:10:27 - Queuing 2.6.0 - wc_update_260_zones
08-22-2016 @ 16:10:27 - Queuing 2.6.0 - wc_update_260_zone_methods
08-22-2016 @ 16:10:27 - Queuing 2.6.0 - wc_update_260_refunds
08-22-2016 @ 16:10:27 - Queuing 2.6.0 - wc_update_260_db_version
08-22-2016 @ 16:10:28 - Running wc_update_250_currency callback
08-22-2016 @ 16:10:28 - Finished wc_update_250_currency callback
08-22-2016 @ 16:10:28 - Running wc_update_250_db_version callback
08-22-2016 @ 16:10:28 - Finished wc_update_250_db_version callback
08-22-2016 @ 16:10:28 - Running wc_update_260_options callback
08-22-2016 @ 16:10:28 - Finished wc_update_260_options callback
08-22-2016 @ 16:10:28 - Running wc_update_260_termmeta callback
08-22-2016 @ 16:10:28 - Finished wc_update_260_termmeta callback
08-22-2016 @ 16:10:28 - Running wc_update_260_zones callback
08-22-2016 @ 16:10:28 - Finished wc_update_260_zones callback
08-22-2016 @ 16:10:28 - Running wc_update_260_zone_methods callback
08-22-2016 @ 16:10:28 - Finished wc_update_260_zone_methods callback
08-22-2016 @ 16:10:28 - Running wc_update_260_refunds callback
08-22-2016 @ 16:10:28 - Finished wc_update_260_refunds callback
08-22-2016 @ 16:10:28 - Running wc_update_260_db_version callback
08-22-2016 @ 16:10:28 - Finished wc_update_260_db_version callback
08-22-2016 @ 16:10:28 - Data update complete
